<?xml version="1.0" encoding="UTF-8"?>
<beans xmlns="http://www.springframework.org/schema/beans" xmlns:mvc="http://www.springframework.org/schema/mvc"
	xmlns:xsi="http://www.w3.org/2001/XMLSchema-instance" xmlns:p="http://www.springframework.org/schema/p" xmlns:context="http://www.springframework.org/schema/context"
	xmlns:tx="http://www.springframework.org/schema/tx"
	xsi:schemaLocation="    
        http://www.springframework.org/schema/beans    
        http://www.springframework.org/schema/beans/spring-beans-3.0.xsd    
        http://www.springframework.org/schema/tx
        http://www.springframework.org/schema/tx/spring-tx-3.0.xsd
        http://www.springframework.org/schema/context    
        http://www.springframework.org/schema/context/spring-context-3.0.xsd
        http://www.springframework.org/schema/mvc
        http://www.springframework.org/schema/mvc/spring-mvc-3.0.xsd
        ">
	<tx:annotation-driven transaction-manager="transactionManager" />

<bean id="processEngineConfiguration" class="org.activiti.spring.SpringProcessEngineConfiguration">
  <property name="beans">
    <map>
      <entry key="printer" value-ref="printer" />
    </map>
  </property>
</bean>

	<bean id="userBean" class="com.jojo.webapp.demo.service.UserBean">
		<property name="runtimeService" ref="runtimeService" />
	</bean>

	<bean id="printer" class="com.jojo.webapp.demo.Printer" />

</beans>
